# JRE version: OpenJDK Runtime Environment (14.0+36) (build 14+36-1461)
# Java VM: OpenJDK 64-Bit Server VM (14+36-1461, mixed mode, sharing, tiered, compressed oops, g1 gc, windows-amd64)
Heap:
 garbage-first heap   total 86016K, used 35106K [0x0000000082800000, 0x0000000100000000)
  region size 1024K, 2 young (2048K), 2 survivors (2048K)
 Metaspace       used 28164K, capacity 28950K, committed 29232K, reserved 1075200K
  class space    used 3095K, capacity 3395K, committed 3456K, reserved 1048576K
GC Heap History (20 events):
Event: 1.770 GC heap after
{Heap after GC invocations=3 (full 0):
 garbage-first heap   total 129024K, used 9441K [0x0000000082800000, 0x0000000100000000)
  region size 1024K, 6 young (6144K), 6 survivors (6144K)
 Metaspace       used 14517K, capacity 16139K, committed 16256K, reserved 1062912K
  class space    used 1656K, capacity 1914K, committed 1920K, reserved 1048576K
}
Event: 2.032 GC heap before
{Heap before GC invocations=3 (full 0):
 garbage-first heap   total 129024K, used 22753K [0x0000000082800000, 0x0000000100000000)
  region size 1024K, 20 young (20480K), 6 survivors (6144K)
 Metaspace       used 19832K, capacity 21119K, committed 21296K, reserved 1069056K
  class space    used 2324K, capacity 2561K, committed 2688K, reserved 1048576K
}
Event: 2.038 GC heap after
{Heap after GC invocations=4 (full 0):
 garbage-first heap   total 129024K, used 11237K [0x0000000082800000, 0x0000000100000000)
  region size 1024K, 6 young (6144K), 6 survivors (6144K)
 Metaspace       used 19832K, capacity 21119K, committed 21296K, reserved 1069056K
  class space    used 2324K, capacity 2561K, committed 2688K, reserved 1048576K
}
Event: 2.377 GC heap before
{Heap before GC invocations=5 (full 0):
 garbage-first heap   total 45056K, used 31717K [0x0000000082800000, 0x0000000100000000)
  region size 1024K, 26 young (26624K), 6 survivors (6144K)
 Metaspace       used 23010K, capacity 23855K, committed 24112K, reserved 1071104K
  class space    used 2653K, capacity 2922K, committed 2944K, reserved 1048576K
}
Event: 2.392 GC heap after
{Heap after GC invocations=6 (full 0):
 garbage-first heap   total 54272K, used 16411K [0x0000000082800000, 0x0000000100000000)
  region size 1024K, 4 young (4096K), 4 survivors (4096K)
 Metaspace       used 23010K, capacity 23855K, committed 24112K, reserved 1071104K
  class space    used 2653K, capacity 2922K, committed 2944K, reserved 1048576K
}
Event: 2.574 GC heap before
{Heap before GC invocations=6 (full 0):
 garbage-first heap   total 54272K, used 37915K [0x0000000082800000, 0x0000000100000000)
  region size 1024K, 24 young (24576K), 4 survivors (4096K)
 Metaspace       used 23561K, capacity 24330K, committed 24368K, reserved 1071104K
  class space    used 2676K, capacity 2944K, committed 2944K, reserved 1048576K
}
Event: 2.586 GC heap after
{Heap after GC invocations=7 (full 0):
 garbage-first heap   total 54272K, used 21531K [0x0000000082800000, 0x0000000100000000)
  region size 1024K, 3 young (3072K), 3 survivors (3072K)
 Metaspace       used 23561K, capacity 24330K, committed 24368K, reserved 1071104K
  class space    used 2676K, capacity 2944K, committed 2944K, reserved 1048576K
}
Event: 3.006 GC heap before
{Heap before GC invocations=7 (full 0):
 garbage-first heap   total 54272K, used 38939K [0x0000000082800000, 0x0000000100000000)
  region size 1024K, 20 young (20480K), 3 survivors (3072K)
 Metaspace       used 25541K, capacity 26295K, committed 26416K, reserved 1073152K
  class space    used 2876K, capacity 3188K, committed 3200K, reserved 1048576K
}
Event: 3.016 GC heap after
{Heap after GC invocations=8 (full 0):
 garbage-first heap   total 54272K, used 23713K [0x0000000082800000, 0x0000000100000000)
  region size 1024K, 2 young (2048K), 2 survivors (2048K)
 Metaspace       used 25541K, capacity 26295K, committed 26416K, reserved 1073152K
  class space    used 2876K, capacity 3188K, committed 3200K, reserved 1048576K
}
Event: 3.297 GC heap before
{Heap before GC invocations=8 (full 0):
 garbage-first heap   total 54272K, used 39073K [0x0000000082800000, 0x0000000100000000)
  region size 1024K, 17 young (17408K), 2 survivors (2048K)
 Metaspace       used 25979K, capacity 26786K, committed 26928K, reserved 1073152K
  class space    used 2885K, capacity 3195K, committed 3200K, reserved 1048576K
}
Event: 3.305 GC heap after
{Heap after GC invocations=9 (full 0):
 garbage-first heap   total 54272K, used 24058K [0x0000000082800000, 0x0000000100000000)
  region size 1024K, 2 young (2048K), 2 survivors (2048K)
 Metaspace       used 25979K, capacity 26786K, committed 26928K, reserved 1073152K
  class space    used 2885K, capacity 3195K, committed 3200K, reserved 1048576K
}
Event: 3.536 GC heap before
{Heap before GC invocations=9 (full 0):
 garbage-first heap   total 54272K, used 40442K [0x0000000082800000, 0x0000000100000000)
  region size 1024K, 18 young (18432K), 2 survivors (2048K)
 Metaspace       used 26239K, capacity 26982K, committed 27184K, reserved 1073152K
  class space    used 2903K, capacity 3196K, committed 3200K, reserved 1048576K
}
Event: 3.542 GC heap after
{Heap after GC invocations=10 (full 0):
 garbage-first heap   total 68608K, used 24729K [0x0000000082800000, 0x0000000100000000)
  region size 1024K, 2 young (2048K), 2 survivors (2048K)
 Metaspace       used 26239K, capacity 26982K, committed 27184K, reserved 1073152K
  class space    used 2903K, capacity 3196K, committed 3200K, reserved 1048576K
}
Event: 3.925 GC heap before
{Heap before GC invocations=10 (full 0):
 garbage-first heap   total 68608K, used 51353K [0x0000000082800000, 0x0000000100000000)
  region size 1024K, 28 young (28672K), 2 survivors (2048K)
 Metaspace       used 26898K, capacity 27613K, committed 27824K, reserved 1073152K
  class space    used 2963K, capacity 3214K, committed 3328K, reserved 1048576K
}
Event: 3.942 GC heap after
{Heap after GC invocations=11 (full 0):
 garbage-first heap   total 68608K, used 31735K [0x0000000082800000, 0x0000000100000000)
  region size 1024K, 4 young (4096K), 4 survivors (4096K)
 Metaspace       used 26898K, capacity 27613K, committed 27824K, reserved 1073152K
  class space    used 2963K, capacity 3214K, committed 3328K, reserved 1048576K
}
Event: 4.286 GC heap before
{Heap before GC invocations=11 (full 0):
 garbage-first heap   total 68608K, used 51191K [0x0000000082800000, 0x0000000100000000)
  region size 1024K, 23 young (23552K), 4 survivors (4096K)
 Metaspace       used 27143K, capacity 27885K, committed 28080K, reserved 1075200K
  class space    used 2964K, capacity 3216K, committed 3328K, reserved 1048576K
}
Event: 4.298 GC heap after
{Heap after GC invocations=12 (full 0):
 garbage-first heap   total 68608K, used 34078K [0x0000000082800000, 0x0000000100000000)
  region size 1024K, 2 young (2048K), 2 survivors (2048K)
 Metaspace       used 27143K, capacity 27885K, committed 28080K, reserved 1075200K
  class space    used 2964K, capacity 3216K, committed 3328K, reserved 1048576K
}
Event: 4.616 GC heap before
{Heap before GC invocations=12 (full 0):
 garbage-first heap   total 68608K, used 52510K [0x0000000082800000, 0x0000000100000000)
  region size 1024K, 20 young (20480K), 2 survivors (2048K)
 Metaspace       used 27270K, capacity 27953K, committed 28080K, reserved 1075200K
  class space    used 2964K, capacity 3216K, committed 3328K, reserved 1048576K
}
Event: 4.625 GC heap after
{Heap after GC invocations=13 (full 0):
 garbage-first heap   total 68608K, used 34333K [0x0000000082800000, 0x0000000100000000)
  region size 1024K, 3 young (3072K), 3 survivors (3072K)
 Metaspace       used 27270K, capacity 27953K, committed 28080K, reserved 1075200K
  class space    used 2964K, capacity 3216K, committed 3328K, reserved 1048576K
}
Event: 4.990 GC heap before
{Heap before GC invocations=14 (full 0):
 garbage-first heap   total 68608K, used 52765K [0x0000000082800000, 0x0000000100000000)
  region size 1024K, 21 young (21504K), 3 survivors (3072K)
 Metaspace       used 28164K, capacity 28950K, committed 29232K, reserved 1075200K
  class space    used 3095K, capacity 3395K, committed 3456K, reserved 1048576K
}

